<?xml version="1.0" encoding="UTF-8"?>
<!-- Generated by org.testng.reporters.JUnitReportReporter -->
<testsuite hostname="Yathirv" failures="0" tests="3" name="lectures.StreamFilter" time="0.021" errors="0" timestamp="2022-02-01T20:56:34 IST" skipped="0">
  <testcase classname="lectures.StreamFilter" name="streamCollect" time="0.010"/>
  <system-out/>
  <testcase classname="lectures.StreamFilter" name="streamFilter" time="0.005"/>
  <system-out/>
  <testcase classname="lectures.StreamFilter" name="streamMap" time="0.006"/>
  <system-out/>
</testsuite> <!-- lectures.StreamFilter -->
